<?xml version="1.0" encoding="UTF-8"?>
<robot generator="Robot 6.1.1 (Python 3.12.5 on win32)" generated="20241024 15:33:50.991" rpa="false" schemaversion="4">
<suite id="s1" name="Userservices-Qa-Automation" source="D:\Users\sasikumarj\PycharmProjects\userservices-qa-automation">
<suite id="s1-s1" name="Panda-Qa" source="D:\Users\sasikumarj\PycharmProjects\userservices-qa-automation\panda-qa">
<suite id="s1-s1-s1" name="Tests" source="D:\Users\sasikumarj\PycharmProjects\userservices-qa-automation\panda-qa\Tests">
<suite id="s1-s1-s1-s1" name="FollowWidget" source="D:\Users\sasikumarj\PycharmProjects\userservices-qa-automation\panda-qa\Tests\FollowWidget">
<suite id="s1-s1-s1-s1-s1" name="Regression" source="D:\Users\sasikumarj\PycharmProjects\userservices-qa-automation\panda-qa\Tests\FollowWidget\Regression">
<suite id="s1-s1-s1-s1-s1-s1" name="Barrons Regression" source="D:\Users\sasikumarj\PycharmProjects\userservices-qa-automation\panda-qa\Tests\FollowWidget\Regression\Barrons_Regression.robot">
<test id="s1-s1-s1-s1-s1-s1-t1" name="Validate the Watchlist widget from Market Data page" line="227">
<kw name="Start Barrons Article" library="CommonFunctionality" type="SETUP">
<kw name="Set Selenium Speed" library="SeleniumLibrary">
<arg>0.5 seconds</arg>
<doc>Sets the delay that is waited after each Selenium command.</doc>
<status status="PASS" starttime="20241024 15:33:51.737" endtime="20241024 15:33:51.737"/>
</kw>
<kw name="Set Browser Options" library="CommonFunctionality">
<var>${options}</var>
<if>
<branch type="IF" condition="&quot;${Browser}&quot; == &quot;firefox&quot;">
<kw name="Evaluate" library="BuiltIn">
<var>${options}</var>
<arg>selenium.webdriver.FirefoxOptions()</arg>
<doc>Evaluates the given expression in Python and returns the result.</doc>
<status status="NOT RUN" starttime="20241024 15:33:51.738" endtime="20241024 15:33:51.738"/>
</kw>
<kw name="Call Method" library="BuiltIn">
<arg>${options}</arg>
<arg>add_argument</arg>
<arg>--CreateProfile</arg>
<doc>Calls the named method of the given object with the provided arguments.</doc>
<status status="NOT RUN" starttime="20241024 15:33:51.738" endtime="20241024 15:33:51.738"/>
</kw>
<kw name="Call Method" library="BuiltIn">
<arg>${options}</arg>
<arg>add_argument</arg>
<arg>--start-maximized</arg>
<doc>Calls the named method of the given object with the provided arguments.</doc>
<status status="NOT RUN" starttime="20241024 15:33:51.738" endtime="20241024 15:33:51.738"/>
</kw>
<kw name="Call Method" library="BuiltIn">
<arg>${options}</arg>
<arg>add_argument</arg>
<arg>--disable-dev-shm-usage</arg>
<doc>Calls the named method of the given object with the provided arguments.</doc>
<status status="NOT RUN" starttime="20241024 15:33:51.738" endtime="20241024 15:33:51.738"/>
</kw>
<kw name="Call Method" library="BuiltIn">
<arg>${options}</arg>
<arg>add_argument</arg>
<arg>--no-sandbox</arg>
<doc>Calls the named method of the given object with the provided arguments.</doc>
<status status="NOT RUN" starttime="20241024 15:33:51.738" endtime="20241024 15:33:51.740"/>
</kw>
<kw name="Call Method" library="BuiltIn">
<arg>${options}</arg>
<arg>add_argument</arg>
<arg>--disable-gpu</arg>
<doc>Calls the named method of the given object with the provided arguments.</doc>
<status status="NOT RUN" starttime="20241024 15:33:51.740" endtime="20241024 15:33:51.740"/>
</kw>
<kw name="Call Method" library="BuiltIn">
<arg>${options}</arg>
<arg>add_argument</arg>
<arg>--headless</arg>
<doc>Calls the named method of the given object with the provided arguments.</doc>
<status status="NOT RUN" starttime="20241024 15:33:51.740" endtime="20241024 15:33:51.740"/>
</kw>
<kw name="Call Method" library="BuiltIn">
<arg>${options}</arg>
<arg>add_argument</arg>
<arg>--devtools.debugger.force-local</arg>
<doc>Calls the named method of the given object with the provided arguments.</doc>
<status status="NOT RUN" starttime="20241024 15:33:51.740" endtime="20241024 15:33:51.740"/>
</kw>
<kw name="Call Method" library="BuiltIn">
<arg>${options}</arg>
<arg>add_argument</arg>
<arg>--devtools.debugger.remote-enabled</arg>
<doc>Calls the named method of the given object with the provided arguments.</doc>
<status status="NOT RUN" starttime="20241024 15:33:51.740" endtime="20241024 15:33:51.740"/>
</kw>
<kw name="Call Method" library="BuiltIn">
<arg>${options}</arg>
<arg>add_argument</arg>
<arg>--devtools.chrome.enabled</arg>
<doc>Calls the named method of the given object with the provided arguments.</doc>
<status status="NOT RUN" starttime="20241024 15:33:51.740" endtime="20241024 15:33:51.740"/>
</kw>
<kw name="Call Method" library="BuiltIn">
<arg>${options}</arg>
<arg>add_argument</arg>
<arg>--devtools.debugger.prompt-connection</arg>
<doc>Calls the named method of the given object with the provided arguments.</doc>
<status status="NOT RUN" starttime="20241024 15:33:51.740" endtime="20241024 15:33:51.740"/>
</kw>
<kw name="Call Method" library="BuiltIn">
<arg>${options}</arg>
<arg>add_argument</arg>
<arg>--browser.dom.window.dump.enabled</arg>
<doc>Calls the named method of the given object with the provided arguments.</doc>
<status status="NOT RUN" starttime="20241024 15:33:51.740" endtime="20241024 15:33:51.740"/>
</kw>
<return>
<value>${options}</value>
<status status="NOT RUN" starttime="20241024 15:33:51.740" endtime="20241024 15:33:51.740"/>
</return>
<status status="NOT RUN" starttime="20241024 15:33:51.738" endtime="20241024 15:33:51.740"/>
</branch>
<branch type="ELSE IF" condition="&quot;${Browser}&quot; == &quot;chrome&quot;">
<kw name="Evaluate" library="BuiltIn">
<var>${options}</var>
<arg>selenium.webdriver.ChromeOptions()</arg>
<doc>Evaluates the given expression in Python and returns the result.</doc>
<status status="NOT RUN" starttime="20241024 15:33:51.741" endtime="20241024 15:33:51.741"/>
</kw>
<kw name="Call Method" library="BuiltIn">
<arg>${options}</arg>
<arg>add_argument</arg>
<arg>--start-maximized</arg>
<doc>Calls the named method of the given object with the provided arguments.</doc>
<status status="NOT RUN" starttime="20241024 15:33:51.741" endtime="20241024 15:33:51.741"/>
</kw>
<kw name="Call Method" library="BuiltIn">
<arg>${options}</arg>
<arg>add_argument</arg>
<arg>--disable-dev-shm-usage</arg>
<doc>Calls the named method of the given object with the provided arguments.</doc>
<status status="NOT RUN" starttime="20241024 15:33:51.741" endtime="20241024 15:33:51.741"/>
</kw>
<kw name="Call Method" library="BuiltIn">
<arg>${options}</arg>
<arg>add_argument</arg>
<arg>--no-sandbox</arg>
<doc>Calls the named method of the given object with the provided arguments.</doc>
<status status="NOT RUN" starttime="20241024 15:33:51.741" endtime="20241024 15:33:51.741"/>
</kw>
<kw name="Call Method" library="BuiltIn">
<arg>${options}</arg>
<arg>add_argument</arg>
<arg>--headless</arg>
<doc>Calls the named method of the given object with the provided arguments.</doc>
<status status="NOT RUN" starttime="20241024 15:33:51.741" endtime="20241024 15:33:51.741"/>
</kw>
<kw name="Call Method" library="BuiltIn">
<arg>${options}</arg>
<arg>add_argument</arg>
<arg>--disable-gpu</arg>
<doc>Calls the named method of the given object with the provided arguments.</doc>
<status status="NOT RUN" starttime="20241024 15:33:51.741" endtime="20241024 15:33:51.741"/>
</kw>
<kw name="Call Method" library="BuiltIn">
<arg>${options}</arg>
<arg>add_argument</arg>
<arg>--ignore-certificate-errors</arg>
<doc>Calls the named method of the given object with the provided arguments.</doc>
<status status="NOT RUN" starttime="20241024 15:33:51.741" endtime="20241024 15:33:51.741"/>
</kw>
<kw name="Call Method" library="BuiltIn">
<arg>${options}</arg>
<arg>add_argument</arg>
<arg>--disable-extensions</arg>
<doc>Calls the named method of the given object with the provided arguments.</doc>
<status status="NOT RUN" starttime="20241024 15:33:51.741" endtime="20241024 15:33:51.741"/>
</kw>
<kw name="Call Method" library="BuiltIn">
<arg>${options}</arg>
<arg>add_argument</arg>
<arg>--no-user-gesture-required</arg>
<doc>Calls the named method of the given object with the provided arguments.</doc>
<status status="NOT RUN" starttime="20241024 15:33:51.741" endtime="20241024 15:33:51.742"/>
</kw>
<kw name="Call Method" library="BuiltIn">
<arg>${options}</arg>
<arg>add_argument</arg>
<arg>--no-first-run</arg>
<doc>Calls the named method of the given object with the provided arguments.</doc>
<status status="NOT RUN" starttime="20241024 15:33:51.742" endtime="20241024 15:33:51.742"/>
</kw>
<kw name="Call Method" library="BuiltIn">
<arg>${options}</arg>
<arg>add_argument</arg>
<arg>--use-fake-ui-for-media-stream</arg>
<doc>Calls the named method of the given object with the provided arguments.</doc>
<status status="NOT RUN" starttime="20241024 15:33:51.742" endtime="20241024 15:33:51.742"/>
</kw>
<kw name="Call Method" library="BuiltIn">
<arg>${options}</arg>
<arg>add_argument</arg>
<arg>--use-fake-device-for-media-stream</arg>
<doc>Calls the named method of the given object with the provided arguments.</doc>
<status status="NOT RUN" starttime="20241024 15:33:51.742" endtime="20241024 15:33:51.742"/>
</kw>
<kw name="Call Method" library="BuiltIn">
<arg>${options}</arg>
<arg>add_argument</arg>
<arg>--disable-sync</arg>
<doc>Calls the named method of the given object with the provided arguments.</doc>
<status status="NOT RUN" starttime="20241024 15:33:51.742" endtime="20241024 15:33:51.742"/>
</kw>
<return>
<value>${options}</value>
<status status="NOT RUN" starttime="20241024 15:33:51.742" endtime="20241024 15:33:51.742"/>
</return>
<status status="NOT RUN" starttime="20241024 15:33:51.740" endtime="20241024 15:33:51.742"/>
</branch>
<status status="PASS" starttime="20241024 15:33:51.738" endtime="20241024 15:33:51.742"/>
</if>
<msg timestamp="20241024 15:33:51.742" level="INFO">${options} = None</msg>
<status status="PASS" starttime="20241024 15:33:51.738" endtime="20241024 15:33:51.742"/>
</kw>
<if>
<branch type="IF" condition="&quot;${Env}&quot; == &quot;prod&quot;">
<kw name="Open Browser" library="SeleniumLibrary">
<arg>https://www.barrons.com</arg>
<arg>${Browser}</arg>
<arg>options=${options}</arg>
<doc>Opens a new browser instance to the optional ``url``.</doc>
<status status="NOT RUN" starttime="20241024 15:33:51.743" endtime="20241024 15:33:51.743"/>
</kw>
<kw name="Go To" library="SeleniumLibrary">
<arg>https://www.barrons.com/articles/wendys-wen-stock-earnings-51652268634</arg>
<doc>Navigates the current browser window to the provided ``url``.</doc>
<status status="NOT RUN" starttime="20241024 15:33:51.743" endtime="20241024 15:33:51.743"/>
</kw>
<status status="NOT RUN" starttime="20241024 15:33:51.742" endtime="20241024 15:33:51.743"/>
</branch>
<branch type="ELSE IF" condition="&quot;${Env}&quot; == &quot;dev&quot;">
<kw name="Open Browser" library="SeleniumLibrary">
<arg>https://www.barrons.com</arg>
<arg>${Browser}</arg>
<arg>options=${options}</arg>
<doc>Opens a new browser instance to the optional ``url``.</doc>
<msg timestamp="20241024 15:33:51.746" level="INFO">Opening browser 'ff' to base url 'https://www.barrons.com'.</msg>
<status status="PASS" starttime="20241024 15:33:51.743" endtime="20241024 15:34:03.496"/>
</kw>
<kw name="Go To" library="SeleniumLibrary">
<arg>https://www.s.dev.barrons.com/articles/buy-under-armour-stock-pick-51650672000</arg>
<doc>Navigates the current browser window to the provided ``url``.</doc>
<msg timestamp="20241024 15:34:03.497" level="INFO">Opening url 'https://www.s.dev.barrons.com/articles/buy-under-armour-stock-pick-51650672000'</msg>
<status status="PASS" starttime="20241024 15:34:03.496" endtime="20241024 15:34:07.846"/>
</kw>
<status status="PASS" starttime="20241024 15:33:51.743" endtime="20241024 15:34:07.846"/>
</branch>
<status status="PASS" starttime="20241024 15:33:51.742" endtime="20241024 15:34:07.846"/>
</if>
<kw name="Wait Until Page Contains Element" library="SeleniumLibrary">
<arg>dom:${JSFollowButtonBarronsPath}</arg>
<doc>Waits until the element ``locator`` appears on the current page.</doc>
<status status="PASS" starttime="20241024 15:34:07.846" endtime="20241024 15:34:08.726"/>
</kw>
<kw name="Maximize Browser Window" library="SeleniumLibrary">
<doc>Maximizes current browser window.</doc>
<status status="PASS" starttime="20241024 15:34:08.726" endtime="20241024 15:34:09.232"/>
</kw>
<status status="PASS" starttime="20241024 15:33:51.737" endtime="20241024 15:34:09.232"/>
</kw>
<kw name="Start Barrons for Market Data page" library="CommonFunctionality">
<kw name="Set Selenium Speed" library="SeleniumLibrary">
<arg>0.5 seconds</arg>
<doc>Sets the delay that is waited after each Selenium command.</doc>
<status status="PASS" starttime="20241024 15:34:09.244" endtime="20241024 15:34:09.244"/>
</kw>
<if>
<branch type="IF" condition="&quot;${Env}&quot; == &quot;prod&quot;">
<kw name="Go To" library="SeleniumLibrary">
<arg>https://www.barrons.com/market-data</arg>
<doc>Navigates the current browser window to the provided ``url``.</doc>
<status status="NOT RUN" starttime="20241024 15:34:09.245" endtime="20241024 15:34:09.245"/>
</kw>
<status status="NOT RUN" starttime="20241024 15:34:09.244" endtime="20241024 15:34:09.245"/>
</branch>
<branch type="ELSE IF" condition="&quot;${Env}&quot; == &quot;dev&quot;">
<kw name="Go To" library="SeleniumLibrary">
<arg>https://www.s.dev.barrons.com/market-data</arg>
<doc>Navigates the current browser window to the provided ``url``.</doc>
<msg timestamp="20241024 15:34:09.245" level="INFO">Opening url 'https://www.s.dev.barrons.com/market-data'</msg>
<status status="PASS" starttime="20241024 15:34:09.245" endtime="20241024 15:34:20.923"/>
</kw>
<status status="PASS" starttime="20241024 15:34:09.245" endtime="20241024 15:34:20.924"/>
</branch>
<status status="PASS" starttime="20241024 15:34:09.244" endtime="20241024 15:34:20.925"/>
</if>
<kw name="Execute Javascript" library="SeleniumLibrary">
<arg>window.scrollTo(0,500)</arg>
<doc>Executes the given JavaScript code with possible arguments.</doc>
<msg timestamp="20241024 15:34:20.926" level="INFO">Executing JavaScript:
window.scrollTo(0,500)
Without any arguments.</msg>
<status status="PASS" starttime="20241024 15:34:20.925" endtime="20241024 15:34:21.500"/>
</kw>
<kw name="Maximize Browser Window" library="SeleniumLibrary">
<doc>Maximizes current browser window.</doc>
<status status="PASS" starttime="20241024 15:34:21.500" endtime="20241024 15:34:22.006"/>
</kw>
<status status="PASS" starttime="20241024 15:34:09.242" endtime="20241024 15:34:22.006"/>
</kw>
<kw name="Validate Watchlist for non-logged user" library="BarronsMarketDataPage">
<kw name="Execute Javascript" library="SeleniumLibrary">
<arg>window.scrollTo(0,500)</arg>
<doc>Executes the given JavaScript code with possible arguments.</doc>
<msg timestamp="20241024 15:34:22.023" level="INFO">Executing JavaScript:
window.scrollTo(0,500)
Without any arguments.</msg>
<status status="PASS" starttime="20241024 15:34:22.020" endtime="20241024 15:34:22.532"/>
</kw>
<kw name="Wait Until Element Is Visible" library="SeleniumLibrary">
<arg>dom:${JSRegisterNowButtonPath}</arg>
<doc>Waits until the element ``locator`` is visible.</doc>
<status status="PASS" starttime="20241024 15:34:22.532" endtime="20241024 15:34:23.574"/>
</kw>
<status status="PASS" starttime="20241024 15:34:22.020" endtime="20241024 15:34:23.574"/>
</kw>
<kw name="Watchlist Sign In" library="BarronsMarketDataPage">
<kw name="Click Button" library="SeleniumLibrary">
<arg>dom:${JSRegisterNowButtonPath}</arg>
<doc>Clicks the button identified by ``locator``.</doc>
<msg timestamp="20241024 15:34:23.575" level="INFO">Clicking button 'dom:document.querySelector('dj-watchlist').shadowRoot .querySelector('div.watchlist') .querySelector('div.non-logged-in-panel') .querySelector('button')'.</msg>
<msg timestamp="20241024 15:34:24.903" level="INFO" html="true">&lt;/td&gt;&lt;/tr&gt;&lt;tr&gt;&lt;td colspan="3"&gt;&lt;a href="selenium-screenshot-119.png"&gt;&lt;img src="selenium-screenshot-119.png" width="800px"&gt;&lt;/a&gt;</msg>
<msg timestamp="20241024 15:34:24.903" level="FAIL">StaleElementReferenceException: Message: The element with the reference b93942a5-9709-4287-96f6-b35e75ab4f4d is stale; either its node document is not the active document, or it is no longer connected to the DOM; For documentation on this error, please visit: https://www.selenium.dev/documentation/webdriver/troubleshooting/errors#stale-element-reference-exception
Stacktrace:
RemoteError@chrome://remote/content/shared/RemoteError.sys.mjs:8:8
WebDriverError@chrome://remote/content/shared/webdriver/Errors.sys.mjs:193:5
StaleElementReferenceError@chrome://remote/content/shared/webdriver/Errors.sys.mjs:725:5
getKnownElement@chrome://remote/content/marionette/json.sys.mjs:405:11
deserializeJSON@chrome://remote/content/marionette/json.sys.mjs:263:20
cloneObject@chrome://remote/content/marionette/json.sys.mjs:59:24
deserializeJSON@chrome://remote/content/marionette/json.sys.mjs:293:16
json.deserialize@chrome://remote/content/marionette/json.sys.mjs:297:10
receiveMessage@chrome://remote/content/marionette/actors/MarionetteCommandsChild.sys.mjs:73:30
</msg>
<status status="FAIL" starttime="20241024 15:34:23.575" endtime="20241024 15:34:24.912"/>
</kw>
<kw name="Wait Until Element Is Visible" library="SeleniumLibrary">
<arg>//div[@class]/div[@class]/a[text()="Sign In"]</arg>
<doc>Waits until the element ``locator`` is visible.</doc>
<status status="NOT RUN" starttime="20241024 15:34:24.912" endtime="20241024 15:34:24.912"/>
</kw>
<kw name="Click Element" library="SeleniumLibrary">
<arg>//div[@class]/div[@class]/a[text()="Sign In"]</arg>
<doc>Click the element identified by ``locator``.</doc>
<status status="NOT RUN" starttime="20241024 15:34:24.912" endtime="20241024 15:34:24.912"/>
</kw>
<status status="FAIL" starttime="20241024 15:34:23.574" endtime="20241024 15:34:24.912"/>
</kw>
<kw name="Sign In Process" library="DefinedKeywords">
<status status="NOT RUN" starttime="20241024 15:34:24.915" endtime="20241024 15:34:24.915"/>
</kw>
<kw name="Set Selenium Speed" library="SeleniumLibrary">
<arg>0.5 seconds</arg>
<doc>Sets the delay that is waited after each Selenium command.</doc>
<status status="NOT RUN" starttime="20241024 15:34:24.916" endtime="20241024 15:34:24.916"/>
</kw>
<kw name="Capture Page Screenshot" library="SeleniumLibrary">
<arg>screenshot.png</arg>
<doc>Takes a screenshot of the current page and embeds it into a log file.</doc>
<status status="NOT RUN" starttime="20241024 15:34:24.916" endtime="20241024 15:34:24.917"/>
</kw>
<kw name="Validate Market Data Page" library="BarronsMarketDataPage">
<status status="NOT RUN" starttime="20241024 15:34:24.917" endtime="20241024 15:34:24.917"/>
</kw>
<kw name="Set Selenium Implicit Wait" library="SeleniumLibrary">
<arg>50 seconds</arg>
<doc>Sets the implicit wait value used by Selenium.</doc>
<status status="NOT RUN" starttime="20241024 15:34:24.917" endtime="20241024 15:34:24.917"/>
</kw>
<kw name="Click Create Button" library="BarronsMarketDataPage">
<status status="NOT RUN" starttime="20241024 15:34:24.920" endtime="20241024 15:34:24.920"/>
</kw>
<kw name="Type Watchlist Name" library="BarronsMarketDataPage">
<status status="NOT RUN" starttime="20241024 15:34:24.922" endtime="20241024 15:34:24.923"/>
</kw>
<kw name="Finish Testcase" library="CommonFunctionality" type="TEARDOWN">
<kw name="Close Browser" library="SeleniumLibrary">
<doc>Closes the current browser.</doc>
<status status="PASS" starttime="20241024 15:34:24.923" endtime="20241024 15:34:29.864"/>
</kw>
<status status="PASS" starttime="20241024 15:34:24.923" endtime="20241024 15:34:29.864"/>
</kw>
<doc>This test case validates the watchlist widget from market data page</doc>
<tag>Barrons</tag>
<tag>MarketdataPage</tag>
<tag>Regression</tag>
<tag>US-T125</tag>
<tag>Watchlist</tag>
<status status="FAIL" starttime="20241024 15:33:51.736" endtime="20241024 15:34:29.866">StaleElementReferenceException: Message: The element with the reference b93942a5-9709-4287-96f6-b35e75ab4f4d is stale; either its node document is not the active document, or it is no longer connected to the DOM; For documentation on this error, please visit: https://www.selenium.dev/documentation/webdriver/troubleshooting/errors#stale-element-reference-exception
Stacktrace:
RemoteError@chrome://remote/content/shared/RemoteError.sys.mjs:8:8
WebDriverError@chrome://remote/content/shared/webdriver/Errors.sys.mjs:193:5
StaleElementReferenceError@chrome://remote/content/shared/webdriver/Errors.sys.mjs:725:5
getKnownElement@chrome://remote/content/marionette/json.sys.mjs:405:11
deserializeJSON@chrome://remote/content/marionette/json.sys.mjs:263:20
cloneObject@chrome://remote/content/marionette/json.sys.mjs:59:24
deserializeJSON@chrome://remote/content/marionette/json.sys.mjs:293:16
json.deserialize@chrome://remote/content/marionette/json.sys.mjs:297:10
receiveMessage@chrome://remote/content/marionette/actors/MarionetteCommandsChild.sys.mjs:73:30
</status>
</test>
<doc>Barrons Regression Tests</doc>
<status status="FAIL" starttime="20241024 15:33:51.053" endtime="20241024 15:34:29.867"/>
</suite>
<status status="FAIL" starttime="20241024 15:33:51.050" endtime="20241024 15:34:29.869"/>
</suite>
<status status="FAIL" starttime="20241024 15:33:51.046" endtime="20241024 15:34:29.870"/>
</suite>
<status status="FAIL" starttime="20241024 15:33:51.043" endtime="20241024 15:34:29.872"/>
</suite>
<status status="FAIL" starttime="20241024 15:33:51.040" endtime="20241024 15:34:29.873"/>
</suite>
<status status="FAIL" starttime="20241024 15:33:50.994" endtime="20241024 15:34:29.874"/>
</suite>
<statistics>
<total>
<stat pass="0" fail="1" skip="0">All Tests</stat>
</total>
<tag>
<stat pass="0" fail="1" skip="0">Barrons</stat>
<stat pass="0" fail="1" skip="0">MarketdataPage</stat>
<stat pass="0" fail="1" skip="0">Regression</stat>
<stat pass="0" fail="1" skip="0">US-T125</stat>
<stat pass="0" fail="1" skip="0">Watchlist</stat>
</tag>
<suite>
<stat pass="0" fail="1" skip="0" id="s1" name="Userservices-Qa-Automation">Userservices-Qa-Automation</stat>
<stat pass="0" fail="1" skip="0" id="s1-s1" name="Panda-Qa">Userservices-Qa-Automation.Panda-Qa</stat>
<stat pass="0" fail="1" skip="0" id="s1-s1-s1" name="Tests">Userservices-Qa-Automation.Panda-Qa.Tests</stat>
<stat pass="0" fail="1" skip="0" id="s1-s1-s1-s1" name="FollowWidget">Userservices-Qa-Automation.Panda-Qa.Tests.FollowWidget</stat>
<stat pass="0" fail="1" skip="0" id="s1-s1-s1-s1-s1" name="Regression">Userservices-Qa-Automation.Panda-Qa.Tests.FollowWidget.Regression</stat>
<stat pass="0" fail="1" skip="0" id="s1-s1-s1-s1-s1-s1" name="Barrons Regression">Userservices-Qa-Automation.Panda-Qa.Tests.FollowWidget.Regression.Barrons Regression</stat>
</suite>
</statistics>
<errors>
</errors>
</robot>
