<?xml version="1.0" encoding="UTF-8"?>
<robot generator="Robot 6.1.1 (Python 3.12.5 on win32)" generated="20241024 15:32:34.077" rpa="false" schemaversion="4">
<suite id="s1" name="Userservices-Qa-Automation" source="D:\Users\sasikumarj\PycharmProjects\userservices-qa-automation">
<suite id="s1-s1" name="Panda-Qa" source="D:\Users\sasikumarj\PycharmProjects\userservices-qa-automation\panda-qa">
<suite id="s1-s1-s1" name="Tests" source="D:\Users\sasikumarj\PycharmProjects\userservices-qa-automation\panda-qa\Tests">
<suite id="s1-s1-s1-s1" name="FollowWidget" source="D:\Users\sasikumarj\PycharmProjects\userservices-qa-automation\panda-qa\Tests\FollowWidget">
<suite id="s1-s1-s1-s1-s1" name="Regression" source="D:\Users\sasikumarj\PycharmProjects\userservices-qa-automation\panda-qa\Tests\FollowWidget\Regression">
<suite id="s1-s1-s1-s1-s1-s1" name="Barrons Regression" source="D:\Users\sasikumarj\PycharmProjects\userservices-qa-automation\panda-qa\Tests\FollowWidget\Regression\Barrons_Regression.robot">
<test id="s1-s1-s1-s1-s1-s1-t1" name="Validate the Watchlist widget from Market Data page" line="227">
<kw name="Start Barrons Article" library="CommonFunctionality" type="SETUP">
<kw name="Set Selenium Speed" library="SeleniumLibrary">
<arg>0.5 seconds</arg>
<doc>Sets the delay that is waited after each Selenium command.</doc>
<status status="PASS" starttime="20241024 15:32:34.872" endtime="20241024 15:32:34.873"/>
</kw>
<kw name="Set Browser Options" library="CommonFunctionality">
<var>${options}</var>
<if>
<branch type="IF" condition="&quot;${Browser}&quot; == &quot;firefox&quot;">
<kw name="Evaluate" library="BuiltIn">
<var>${options}</var>
<arg>selenium.webdriver.FirefoxOptions()</arg>
<doc>Evaluates the given expression in Python and returns the result.</doc>
<status status="NOT RUN" starttime="20241024 15:32:34.873" endtime="20241024 15:32:34.873"/>
</kw>
<kw name="Call Method" library="BuiltIn">
<arg>${options}</arg>
<arg>add_argument</arg>
<arg>--CreateProfile</arg>
<doc>Calls the named method of the given object with the provided arguments.</doc>
<status status="NOT RUN" starttime="20241024 15:32:34.874" endtime="20241024 15:32:34.874"/>
</kw>
<kw name="Call Method" library="BuiltIn">
<arg>${options}</arg>
<arg>add_argument</arg>
<arg>--start-maximized</arg>
<doc>Calls the named method of the given object with the provided arguments.</doc>
<status status="NOT RUN" starttime="20241024 15:32:34.874" endtime="20241024 15:32:34.874"/>
</kw>
<kw name="Call Method" library="BuiltIn">
<arg>${options}</arg>
<arg>add_argument</arg>
<arg>--disable-dev-shm-usage</arg>
<doc>Calls the named method of the given object with the provided arguments.</doc>
<status status="NOT RUN" starttime="20241024 15:32:34.874" endtime="20241024 15:32:34.874"/>
</kw>
<kw name="Call Method" library="BuiltIn">
<arg>${options}</arg>
<arg>add_argument</arg>
<arg>--no-sandbox</arg>
<doc>Calls the named method of the given object with the provided arguments.</doc>
<status status="NOT RUN" starttime="20241024 15:32:34.874" endtime="20241024 15:32:34.874"/>
</kw>
<kw name="Call Method" library="BuiltIn">
<arg>${options}</arg>
<arg>add_argument</arg>
<arg>--disable-gpu</arg>
<doc>Calls the named method of the given object with the provided arguments.</doc>
<status status="NOT RUN" starttime="20241024 15:32:34.874" endtime="20241024 15:32:34.875"/>
</kw>
<kw name="Call Method" library="BuiltIn">
<arg>${options}</arg>
<arg>add_argument</arg>
<arg>--headless</arg>
<doc>Calls the named method of the given object with the provided arguments.</doc>
<status status="NOT RUN" starttime="20241024 15:32:34.875" endtime="20241024 15:32:34.875"/>
</kw>
<kw name="Call Method" library="BuiltIn">
<arg>${options}</arg>
<arg>add_argument</arg>
<arg>--devtools.debugger.force-local</arg>
<doc>Calls the named method of the given object with the provided arguments.</doc>
<status status="NOT RUN" starttime="20241024 15:32:34.875" endtime="20241024 15:32:34.875"/>
</kw>
<kw name="Call Method" library="BuiltIn">
<arg>${options}</arg>
<arg>add_argument</arg>
<arg>--devtools.debugger.remote-enabled</arg>
<doc>Calls the named method of the given object with the provided arguments.</doc>
<status status="NOT RUN" starttime="20241024 15:32:34.875" endtime="20241024 15:32:34.875"/>
</kw>
<kw name="Call Method" library="BuiltIn">
<arg>${options}</arg>
<arg>add_argument</arg>
<arg>--devtools.chrome.enabled</arg>
<doc>Calls the named method of the given object with the provided arguments.</doc>
<status status="NOT RUN" starttime="20241024 15:32:34.875" endtime="20241024 15:32:34.875"/>
</kw>
<kw name="Call Method" library="BuiltIn">
<arg>${options}</arg>
<arg>add_argument</arg>
<arg>--devtools.debugger.prompt-connection</arg>
<doc>Calls the named method of the given object with the provided arguments.</doc>
<status status="NOT RUN" starttime="20241024 15:32:34.875" endtime="20241024 15:32:34.875"/>
</kw>
<kw name="Call Method" library="BuiltIn">
<arg>${options}</arg>
<arg>add_argument</arg>
<arg>--browser.dom.window.dump.enabled</arg>
<doc>Calls the named method of the given object with the provided arguments.</doc>
<status status="NOT RUN" starttime="20241024 15:32:34.875" endtime="20241024 15:32:34.875"/>
</kw>
<return>
<value>${options}</value>
<status status="NOT RUN" starttime="20241024 15:32:34.875" endtime="20241024 15:32:34.875"/>
</return>
<status status="NOT RUN" starttime="20241024 15:32:34.873" endtime="20241024 15:32:34.875"/>
</branch>
<branch type="ELSE IF" condition="&quot;${Browser}&quot; == &quot;chrome&quot;">
<kw name="Evaluate" library="BuiltIn">
<var>${options}</var>
<arg>selenium.webdriver.ChromeOptions()</arg>
<doc>Evaluates the given expression in Python and returns the result.</doc>
<status status="NOT RUN" starttime="20241024 15:32:34.875" endtime="20241024 15:32:34.875"/>
</kw>
<kw name="Call Method" library="BuiltIn">
<arg>${options}</arg>
<arg>add_argument</arg>
<arg>--start-maximized</arg>
<doc>Calls the named method of the given object with the provided arguments.</doc>
<status status="NOT RUN" starttime="20241024 15:32:34.875" endtime="20241024 15:32:34.875"/>
</kw>
<kw name="Call Method" library="BuiltIn">
<arg>${options}</arg>
<arg>add_argument</arg>
<arg>--disable-dev-shm-usage</arg>
<doc>Calls the named method of the given object with the provided arguments.</doc>
<status status="NOT RUN" starttime="20241024 15:32:34.875" endtime="20241024 15:32:34.875"/>
</kw>
<kw name="Call Method" library="BuiltIn">
<arg>${options}</arg>
<arg>add_argument</arg>
<arg>--no-sandbox</arg>
<doc>Calls the named method of the given object with the provided arguments.</doc>
<status status="NOT RUN" starttime="20241024 15:32:34.875" endtime="20241024 15:32:34.875"/>
</kw>
<kw name="Call Method" library="BuiltIn">
<arg>${options}</arg>
<arg>add_argument</arg>
<arg>--headless</arg>
<doc>Calls the named method of the given object with the provided arguments.</doc>
<status status="NOT RUN" starttime="20241024 15:32:34.877" endtime="20241024 15:32:34.877"/>
</kw>
<kw name="Call Method" library="BuiltIn">
<arg>${options}</arg>
<arg>add_argument</arg>
<arg>--disable-gpu</arg>
<doc>Calls the named method of the given object with the provided arguments.</doc>
<status status="NOT RUN" starttime="20241024 15:32:34.877" endtime="20241024 15:32:34.877"/>
</kw>
<kw name="Call Method" library="BuiltIn">
<arg>${options}</arg>
<arg>add_argument</arg>
<arg>--ignore-certificate-errors</arg>
<doc>Calls the named method of the given object with the provided arguments.</doc>
<status status="NOT RUN" starttime="20241024 15:32:34.877" endtime="20241024 15:32:34.877"/>
</kw>
<kw name="Call Method" library="BuiltIn">
<arg>${options}</arg>
<arg>add_argument</arg>
<arg>--disable-extensions</arg>
<doc>Calls the named method of the given object with the provided arguments.</doc>
<status status="NOT RUN" starttime="20241024 15:32:34.877" endtime="20241024 15:32:34.877"/>
</kw>
<kw name="Call Method" library="BuiltIn">
<arg>${options}</arg>
<arg>add_argument</arg>
<arg>--no-user-gesture-required</arg>
<doc>Calls the named method of the given object with the provided arguments.</doc>
<status status="NOT RUN" starttime="20241024 15:32:34.877" endtime="20241024 15:32:34.877"/>
</kw>
<kw name="Call Method" library="BuiltIn">
<arg>${options}</arg>
<arg>add_argument</arg>
<arg>--no-first-run</arg>
<doc>Calls the named method of the given object with the provided arguments.</doc>
<status status="NOT RUN" starttime="20241024 15:32:34.877" endtime="20241024 15:32:34.877"/>
</kw>
<kw name="Call Method" library="BuiltIn">
<arg>${options}</arg>
<arg>add_argument</arg>
<arg>--use-fake-ui-for-media-stream</arg>
<doc>Calls the named method of the given object with the provided arguments.</doc>
<status status="NOT RUN" starttime="20241024 15:32:34.877" endtime="20241024 15:32:34.878"/>
</kw>
<kw name="Call Method" library="BuiltIn">
<arg>${options}</arg>
<arg>add_argument</arg>
<arg>--use-fake-device-for-media-stream</arg>
<doc>Calls the named method of the given object with the provided arguments.</doc>
<status status="NOT RUN" starttime="20241024 15:32:34.878" endtime="20241024 15:32:34.878"/>
</kw>
<kw name="Call Method" library="BuiltIn">
<arg>${options}</arg>
<arg>add_argument</arg>
<arg>--disable-sync</arg>
<doc>Calls the named method of the given object with the provided arguments.</doc>
<status status="NOT RUN" starttime="20241024 15:32:34.878" endtime="20241024 15:32:34.878"/>
</kw>
<return>
<value>${options}</value>
<status status="NOT RUN" starttime="20241024 15:32:34.878" endtime="20241024 15:32:34.878"/>
</return>
<status status="NOT RUN" starttime="20241024 15:32:34.875" endtime="20241024 15:32:34.878"/>
</branch>
<status status="PASS" starttime="20241024 15:32:34.873" endtime="20241024 15:32:34.878"/>
</if>
<msg timestamp="20241024 15:32:34.878" level="INFO">${options} = None</msg>
<status status="PASS" starttime="20241024 15:32:34.873" endtime="20241024 15:32:34.878"/>
</kw>
<if>
<branch type="IF" condition="&quot;${Env}&quot; == &quot;prod&quot;">
<kw name="Open Browser" library="SeleniumLibrary">
<arg>https://www.barrons.com</arg>
<arg>${Browser}</arg>
<arg>options=${options}</arg>
<doc>Opens a new browser instance to the optional ``url``.</doc>
<status status="NOT RUN" starttime="20241024 15:32:34.878" endtime="20241024 15:32:34.878"/>
</kw>
<kw name="Go To" library="SeleniumLibrary">
<arg>https://www.barrons.com/articles/wendys-wen-stock-earnings-51652268634</arg>
<doc>Navigates the current browser window to the provided ``url``.</doc>
<status status="NOT RUN" starttime="20241024 15:32:34.878" endtime="20241024 15:32:34.878"/>
</kw>
<status status="NOT RUN" starttime="20241024 15:32:34.878" endtime="20241024 15:32:34.878"/>
</branch>
<branch type="ELSE IF" condition="&quot;${Env}&quot; == &quot;dev&quot;">
<kw name="Open Browser" library="SeleniumLibrary">
<arg>https://www.barrons.com</arg>
<arg>${Browser}</arg>
<arg>options=${options}</arg>
<doc>Opens a new browser instance to the optional ``url``.</doc>
<msg timestamp="20241024 15:32:34.879" level="INFO">Opening browser 'ff' to base url 'https://www.barrons.com'.</msg>
<status status="PASS" starttime="20241024 15:32:34.879" endtime="20241024 15:32:46.086"/>
</kw>
<kw name="Go To" library="SeleniumLibrary">
<arg>https://www.s.dev.barrons.com/articles/buy-under-armour-stock-pick-51650672000</arg>
<doc>Navigates the current browser window to the provided ``url``.</doc>
<msg timestamp="20241024 15:32:46.086" level="INFO">Opening url 'https://www.s.dev.barrons.com/articles/buy-under-armour-stock-pick-51650672000'</msg>
<status status="PASS" starttime="20241024 15:32:46.086" endtime="20241024 15:32:56.671"/>
</kw>
<status status="PASS" starttime="20241024 15:32:34.878" endtime="20241024 15:32:56.671"/>
</branch>
<status status="PASS" starttime="20241024 15:32:34.878" endtime="20241024 15:32:56.671"/>
</if>
<kw name="Wait Until Page Contains Element" library="SeleniumLibrary">
<arg>dom:${JSFollowButtonBarronsPath}</arg>
<doc>Waits until the element ``locator`` appears on the current page.</doc>
<status status="PASS" starttime="20241024 15:32:56.671" endtime="20241024 15:32:57.211"/>
</kw>
<kw name="Maximize Browser Window" library="SeleniumLibrary">
<doc>Maximizes current browser window.</doc>
<status status="PASS" starttime="20241024 15:32:57.211" endtime="20241024 15:32:57.716"/>
</kw>
<status status="PASS" starttime="20241024 15:32:34.872" endtime="20241024 15:32:57.716"/>
</kw>
<kw name="Start Barrons for Market Data page" library="CommonFunctionality">
<kw name="Set Selenium Speed" library="SeleniumLibrary">
<arg>0.5 seconds</arg>
<doc>Sets the delay that is waited after each Selenium command.</doc>
<status status="PASS" starttime="20241024 15:32:57.718" endtime="20241024 15:32:57.718"/>
</kw>
<if>
<branch type="IF" condition="&quot;${Env}&quot; == &quot;prod&quot;">
<kw name="Go To" library="SeleniumLibrary">
<arg>https://www.barrons.com/market-data</arg>
<doc>Navigates the current browser window to the provided ``url``.</doc>
<status status="NOT RUN" starttime="20241024 15:32:57.719" endtime="20241024 15:32:57.719"/>
</kw>
<status status="NOT RUN" starttime="20241024 15:32:57.718" endtime="20241024 15:32:57.719"/>
</branch>
<branch type="ELSE IF" condition="&quot;${Env}&quot; == &quot;dev&quot;">
<kw name="Go To" library="SeleniumLibrary">
<arg>https://www.s.dev.barrons.com/market-data</arg>
<doc>Navigates the current browser window to the provided ``url``.</doc>
<msg timestamp="20241024 15:32:57.719" level="INFO">Opening url 'https://www.s.dev.barrons.com/market-data'</msg>
<status status="PASS" starttime="20241024 15:32:57.719" endtime="20241024 15:33:10.235"/>
</kw>
<status status="PASS" starttime="20241024 15:32:57.719" endtime="20241024 15:33:10.235"/>
</branch>
<status status="PASS" starttime="20241024 15:32:57.718" endtime="20241024 15:33:10.235"/>
</if>
<kw name="Execute Javascript" library="SeleniumLibrary">
<arg>window.scrollTo(0,500)</arg>
<doc>Executes the given JavaScript code with possible arguments.</doc>
<msg timestamp="20241024 15:33:10.236" level="INFO">Executing JavaScript:
window.scrollTo(0,500)
Without any arguments.</msg>
<status status="PASS" starttime="20241024 15:33:10.235" endtime="20241024 15:33:10.803"/>
</kw>
<kw name="Maximize Browser Window" library="SeleniumLibrary">
<doc>Maximizes current browser window.</doc>
<status status="PASS" starttime="20241024 15:33:10.803" endtime="20241024 15:33:11.310"/>
</kw>
<status status="PASS" starttime="20241024 15:32:57.718" endtime="20241024 15:33:11.310"/>
</kw>
<kw name="Validate Watchlist for non-logged user" library="BarronsMarketDataPage">
<kw name="Execute Javascript" library="SeleniumLibrary">
<arg>window.scrollTo(0,500)</arg>
<doc>Executes the given JavaScript code with possible arguments.</doc>
<msg timestamp="20241024 15:33:11.312" level="INFO">Executing JavaScript:
window.scrollTo(0,500)
Without any arguments.</msg>
<status status="PASS" starttime="20241024 15:33:11.311" endtime="20241024 15:33:11.820"/>
</kw>
<kw name="Wait Until Element Is Visible" library="SeleniumLibrary">
<arg>dom:${JSRegisterNowButtonPath}</arg>
<doc>Waits until the element ``locator`` is visible.</doc>
<status status="PASS" starttime="20241024 15:33:11.820" endtime="20241024 15:33:12.856"/>
</kw>
<status status="PASS" starttime="20241024 15:33:11.310" endtime="20241024 15:33:12.856"/>
</kw>
<kw name="Watchlist Sign In" library="BarronsMarketDataPage">
<kw name="Click Button" library="SeleniumLibrary">
<arg>dom:${JSRegisterNowButtonPath}</arg>
<doc>Clicks the button identified by ``locator``.</doc>
<msg timestamp="20241024 15:33:12.858" level="INFO">Clicking button 'dom:document.querySelector('dj-watchlist').shadowRoot .querySelector('div.watchlist') .querySelector('div.non-logged-in-panel') .querySelector('button')'.</msg>
<msg timestamp="20241024 15:33:14.049" level="INFO" html="true">&lt;/td&gt;&lt;/tr&gt;&lt;tr&gt;&lt;td colspan="3"&gt;&lt;a href="selenium-screenshot-118.png"&gt;&lt;img src="selenium-screenshot-118.png" width="800px"&gt;&lt;/a&gt;</msg>
<msg timestamp="20241024 15:33:14.050" level="FAIL">StaleElementReferenceException: Message: The element with the reference 6ba1d4c8-6625-4331-9ce7-80729b49d8cd is stale; either its node document is not the active document, or it is no longer connected to the DOM; For documentation on this error, please visit: https://www.selenium.dev/documentation/webdriver/troubleshooting/errors#stale-element-reference-exception
Stacktrace:
RemoteError@chrome://remote/content/shared/RemoteError.sys.mjs:8:8
WebDriverError@chrome://remote/content/shared/webdriver/Errors.sys.mjs:193:5
StaleElementReferenceError@chrome://remote/content/shared/webdriver/Errors.sys.mjs:725:5
getKnownElement@chrome://remote/content/marionette/json.sys.mjs:405:11
deserializeJSON@chrome://remote/content/marionette/json.sys.mjs:263:20
cloneObject@chrome://remote/content/marionette/json.sys.mjs:59:24
deserializeJSON@chrome://remote/content/marionette/json.sys.mjs:293:16
json.deserialize@chrome://remote/content/marionette/json.sys.mjs:297:10
receiveMessage@chrome://remote/content/marionette/actors/MarionetteCommandsChild.sys.mjs:73:30
</msg>
<status status="FAIL" starttime="20241024 15:33:12.857" endtime="20241024 15:33:14.060"/>
</kw>
<kw name="Wait Until Element Is Visible" library="SeleniumLibrary">
<arg>//div[@class]/div[@class]/a[text()="Sign In"]</arg>
<doc>Waits until the element ``locator`` is visible.</doc>
<status status="NOT RUN" starttime="20241024 15:33:14.060" endtime="20241024 15:33:14.060"/>
</kw>
<kw name="Click Element" library="SeleniumLibrary">
<arg>//div[@class]/div[@class]/a[text()="Sign In"]</arg>
<doc>Click the element identified by ``locator``.</doc>
<status status="NOT RUN" starttime="20241024 15:33:14.060" endtime="20241024 15:33:14.060"/>
</kw>
<status status="FAIL" starttime="20241024 15:33:12.857" endtime="20241024 15:33:14.061"/>
</kw>
<kw name="Sign In Process" library="DefinedKeywords">
<status status="NOT RUN" starttime="20241024 15:33:14.061" endtime="20241024 15:33:14.061"/>
</kw>
<kw name="Set Selenium Speed" library="SeleniumLibrary">
<arg>0.5 seconds</arg>
<doc>Sets the delay that is waited after each Selenium command.</doc>
<status status="NOT RUN" starttime="20241024 15:33:14.061" endtime="20241024 15:33:14.061"/>
</kw>
<kw name="Capture Page Screenshot" library="SeleniumLibrary">
<arg>screenshot.png</arg>
<doc>Takes a screenshot of the current page and embeds it into a log file.</doc>
<status status="NOT RUN" starttime="20241024 15:33:14.062" endtime="20241024 15:33:14.062"/>
</kw>
<kw name="Validate Market Data Page" library="BarronsMarketDataPage">
<status status="NOT RUN" starttime="20241024 15:33:14.062" endtime="20241024 15:33:14.062"/>
</kw>
<kw name="Set Selenium Implicit Wait" library="SeleniumLibrary">
<arg>20 seconds</arg>
<doc>Sets the implicit wait value used by Selenium.</doc>
<status status="NOT RUN" starttime="20241024 15:33:14.062" endtime="20241024 15:33:14.062"/>
</kw>
<kw name="Click Create Button" library="BarronsMarketDataPage">
<status status="NOT RUN" starttime="20241024 15:33:14.063" endtime="20241024 15:33:14.063"/>
</kw>
<kw name="Type Watchlist Name" library="BarronsMarketDataPage">
<status status="NOT RUN" starttime="20241024 15:33:14.063" endtime="20241024 15:33:14.063"/>
</kw>
<kw name="Finish Testcase" library="CommonFunctionality" type="TEARDOWN">
<kw name="Close Browser" library="SeleniumLibrary">
<doc>Closes the current browser.</doc>
<status status="PASS" starttime="20241024 15:33:14.063" endtime="20241024 15:33:18.885"/>
</kw>
<status status="PASS" starttime="20241024 15:33:14.063" endtime="20241024 15:33:18.885"/>
</kw>
<doc>This test case validates the watchlist widget from market data page</doc>
<tag>Barrons</tag>
<tag>MarketdataPage</tag>
<tag>Regression</tag>
<tag>US-T125</tag>
<tag>Watchlist</tag>
<status status="FAIL" starttime="20241024 15:32:34.871" endtime="20241024 15:33:18.886">StaleElementReferenceException: Message: The element with the reference 6ba1d4c8-6625-4331-9ce7-80729b49d8cd is stale; either its node document is not the active document, or it is no longer connected to the DOM; For documentation on this error, please visit: https://www.selenium.dev/documentation/webdriver/troubleshooting/errors#stale-element-reference-exception
Stacktrace:
RemoteError@chrome://remote/content/shared/RemoteError.sys.mjs:8:8
WebDriverError@chrome://remote/content/shared/webdriver/Errors.sys.mjs:193:5
StaleElementReferenceError@chrome://remote/content/shared/webdriver/Errors.sys.mjs:725:5
getKnownElement@chrome://remote/content/marionette/json.sys.mjs:405:11
deserializeJSON@chrome://remote/content/marionette/json.sys.mjs:263:20
cloneObject@chrome://remote/content/marionette/json.sys.mjs:59:24
deserializeJSON@chrome://remote/content/marionette/json.sys.mjs:293:16
json.deserialize@chrome://remote/content/marionette/json.sys.mjs:297:10
receiveMessage@chrome://remote/content/marionette/actors/MarionetteCommandsChild.sys.mjs:73:30
</status>
</test>
<doc>Barrons Regression Tests</doc>
<status status="FAIL" starttime="20241024 15:32:34.146" endtime="20241024 15:33:18.888"/>
</suite>
<status status="FAIL" starttime="20241024 15:32:34.142" endtime="20241024 15:33:18.890"/>
</suite>
<status status="FAIL" starttime="20241024 15:32:34.139" endtime="20241024 15:33:18.891"/>
</suite>
<status status="FAIL" starttime="20241024 15:32:34.135" endtime="20241024 15:33:18.892"/>
</suite>
<status status="FAIL" starttime="20241024 15:32:34.131" endtime="20241024 15:33:18.895"/>
</suite>
<status status="FAIL" starttime="20241024 15:32:34.080" endtime="20241024 15:33:18.896"/>
</suite>
<statistics>
<total>
<stat pass="0" fail="1" skip="0">All Tests</stat>
</total>
<tag>
<stat pass="0" fail="1" skip="0">Barrons</stat>
<stat pass="0" fail="1" skip="0">MarketdataPage</stat>
<stat pass="0" fail="1" skip="0">Regression</stat>
<stat pass="0" fail="1" skip="0">US-T125</stat>
<stat pass="0" fail="1" skip="0">Watchlist</stat>
</tag>
<suite>
<stat pass="0" fail="1" skip="0" id="s1" name="Userservices-Qa-Automation">Userservices-Qa-Automation</stat>
<stat pass="0" fail="1" skip="0" id="s1-s1" name="Panda-Qa">Userservices-Qa-Automation.Panda-Qa</stat>
<stat pass="0" fail="1" skip="0" id="s1-s1-s1" name="Tests">Userservices-Qa-Automation.Panda-Qa.Tests</stat>
<stat pass="0" fail="1" skip="0" id="s1-s1-s1-s1" name="FollowWidget">Userservices-Qa-Automation.Panda-Qa.Tests.FollowWidget</stat>
<stat pass="0" fail="1" skip="0" id="s1-s1-s1-s1-s1" name="Regression">Userservices-Qa-Automation.Panda-Qa.Tests.FollowWidget.Regression</stat>
<stat pass="0" fail="1" skip="0" id="s1-s1-s1-s1-s1-s1" name="Barrons Regression">Userservices-Qa-Automation.Panda-Qa.Tests.FollowWidget.Regression.Barrons Regression</stat>
</suite>
</statistics>
<errors>
</errors>
</robot>
